<?xml version="1.0" encoding="UTF-8"?>
<!-- Generated by org.testng.reporters.JUnitXMLReporter -->
<testsuite ignored="4" hostname="LAPTOP-CIG3UQOC" failures="1" tests="6" name="Test" time="5.562" errors="0" timestamp="2021-11-29T21:20:59 IST">
  <testcase classname="testcases.TC01_Verify_login_Functionality" name="verify_TitleAndHeader" time="0.038">
    <failure type="java.lang.AssertionError" message="Title does not matched expected [uru99 Bank Home Page] but found [Guru99 Bank Home Page]">
      <![CDATA[java.lang.AssertionError: Title does not matched expected [uru99 Bank Home Page] but found [Guru99 Bank Home Page]
at testcases.TC01_Verify_login_Functionality.verify_TitleAndHeader(TC01_Verify_login_Functionality.java:25)
at java.base/java.util.ArrayList.forEach(ArrayList.java:1511)
... Removed 32 stack frames]]>
    </failure>
  </testcase> <!-- verify_TitleAndHeader -->
  <testcase classname="testcases.TC01_Verify_login_Functionality" name="login_with_Invalid_Credentials" time="0.611"/>
  <testcase classname="testcases.TC01_Verify_login_Functionality" name="login_with_Valid_Credentials" time="2.844"/>
  <testcase classname="testcases.TC02_Verify_ManagerHomepage" name="verify_manager_home_page_title" time="0.068"/>
  <testcase classname="testcases.TC02_Verify_ManagerHomepage" name="verifynewCustomer" time="0.636"/>
  <testcase classname="testcases.TC03_VerifyAddCustomerPage" name="addNewCustomer" time="1.295"/>
  <testcase classname="testcases.Baseclass" name="@BeforeSuite launchBrowser" time="0.0">
    <ignored/>
  </testcase> <!-- @BeforeSuite launchBrowser -->
  <testcase classname="testcases.Baseclass" name="@BeforeSuite launchBrowser" time="0.0">
    <ignored/>
  </testcase> <!-- @BeforeSuite launchBrowser -->
  <testcase classname="testcases.Baseclass" name="@AfterTest quit" time="0.0">
    <ignored/>
  </testcase> <!-- @AfterTest quit -->
  <testcase classname="testcases.Baseclass" name="@AfterTest quit" time="0.0">
    <ignored/>
  </testcase> <!-- @AfterTest quit -->
</testsuite> <!-- Test -->
